2021-07-30 11:41:22.542 INFO  (main) [   ] o.e.j.u.log Logging initialized @1885ms to org.eclipse.jetty.util.log.Slf4jLog
2021-07-30 11:41:23.003 INFO  (main) [   ] o.e.j.s.Server jetty-9.4.41.v20210516; built: 2021-05-16T23:56:28.993Z; git: 98607f93c7833e7dc59489b13f3cb0a114fb9f4c; jvm 16.0.1+9
2021-07-30 11:41:23.030 INFO  (main) [   ] o.e.j.d.p.ScanningAppProvider Deployment monitor [file:///Users/kristy/solr-8.9.0/server/contexts/] at interval 0
2021-07-30 11:41:23.559 INFO  (main) [   ] o.e.j.w.StandardDescriptorProcessor NO JSP Support for /solr, did not find org.apache.jasper.servlet.JspServlet
2021-07-30 11:41:23.581 INFO  (main) [   ] o.e.j.s.session DefaultSessionIdManager workerName=node0
2021-07-30 11:41:23.581 INFO  (main) [   ] o.e.j.s.session No SessionScavenger set, using defaults
2021-07-30 11:41:23.583 INFO  (main) [   ] o.e.j.s.session node0 Scavenging every 660000ms
2021-07-30 11:41:23.743 INFO  (main) [   ] o.a.s.s.SolrDispatchFilter Using logger factory org.apache.logging.slf4j.Log4jLoggerFactory
2021-07-30 11:41:23.770 INFO  (main) [   ] o.a.s.s.SolrDispatchFilter  ___      _       Welcome to Apache Solr™ version 8.9.0
2021-07-30 11:41:23.770 INFO  (main) [   ] o.a.s.s.SolrDispatchFilter / __| ___| |_ _   Starting in standalone mode on port 8983
2021-07-30 11:41:23.770 INFO  (main) [   ] o.a.s.s.SolrDispatchFilter \__ \/ _ \ | '_|  Install dir: /Users/kristy/solr-8.9.0
2021-07-30 11:41:23.771 INFO  (main) [   ] o.a.s.s.SolrDispatchFilter |___/\___/_|_|    Start time: 2021-07-30T11:41:23.771082Z
2021-07-30 11:41:23.790 INFO  (main) [   ] o.a.s.c.SolrPaths Using system property solr.solr.home: /Users/kristy/solr-8.9.0/server/solr
2021-07-30 11:41:23.791 INFO  (main) [   ] o.a.s.c.SolrXmlConfig Loading container configuration from /Users/kristy/solr-8.9.0/server/solr/solr.xml
2021-07-30 11:41:24.046 INFO  (main) [   ] o.a.s.c.SolrXmlConfig MBean server found: com.sun.jmx.mbeanserver.JmxMBeanServer@d86a6f, but no JMX reporters were configured - adding default JMX reporter.
2021-07-30 11:41:25.336 INFO  (main) [   ] o.a.s.h.c.HttpShardHandlerFactory Host whitelist initialized: WhitelistHostChecker [whitelistHosts=null, whitelistHostCheckingEnabled=true]
2021-07-30 11:41:25.775 WARN  (main) [   ] o.e.j.u.s.S.config Trusting all certificates configured for Client@1706a5c9[provider=null,keyStore=null,trustStore=null]
2021-07-30 11:41:25.775 WARN  (main) [   ] o.e.j.u.s.S.config No Client EndPointIdentificationAlgorithm configured for Client@1706a5c9[provider=null,keyStore=null,trustStore=null]
2021-07-30 11:41:26.017 WARN  (main) [   ] o.e.j.u.s.S.config Trusting all certificates configured for Client@fabb651[provider=null,keyStore=null,trustStore=null]
2021-07-30 11:41:26.017 WARN  (main) [   ] o.e.j.u.s.S.config No Client EndPointIdentificationAlgorithm configured for Client@fabb651[provider=null,keyStore=null,trustStore=null]
2021-07-30 11:41:26.364 WARN  (main) [   ] o.a.s.c.CoreContainer Not all security plugins configured!  authentication=disabled authorization=disabled.  Solr is only as secure as you make it. Consider configuring authentication/authorization before exposing Solr to users internal or external.  See https://s.apache.org/solrsecurity for more info
2021-07-30 11:41:26.738 INFO  (main) [   ] o.a.s.c.TransientSolrCoreCacheDefault Allocating transient cache for 2147483647 transient cores
2021-07-30 11:41:26.758 INFO  (main) [   ] o.a.s.h.a.MetricsHistoryHandler No .system collection, keeping metrics history in memory.
2021-07-30 11:41:26.767 WARN  (main) [   ] o.a.s.D.o.a.s.h.a.MetricsCollectorHandler Solr loaded a deprecated plugin/analysis class [org.apache.solr.handler.admin.MetricsCollectorHandler]. Please consult documentation how to replace it accordingly.
2021-07-30 11:41:27.016 INFO  (main) [   ] o.a.s.m.r.SolrJmxReporter JMX monitoring for 'solr.node' (registry 'solr.node') enabled at server: com.sun.jmx.mbeanserver.JmxMBeanServer@d86a6f
2021-07-30 11:41:27.016 INFO  (main) [   ] o.a.s.m.r.SolrJmxReporter JMX monitoring for 'solr.jvm' (registry 'solr.jvm') enabled at server: com.sun.jmx.mbeanserver.JmxMBeanServer@d86a6f
2021-07-30 11:41:27.028 INFO  (main) [   ] o.a.s.m.r.SolrJmxReporter JMX monitoring for 'solr.jetty' (registry 'solr.jetty') enabled at server: com.sun.jmx.mbeanserver.JmxMBeanServer@d86a6f
2021-07-30 11:41:27.376 INFO  (main) [   ] o.a.s.c.CorePropertiesLocator Found 1 core definitions underneath /Users/kristy/solr-8.9.0/server/solr
2021-07-30 11:41:27.376 INFO  (main) [   ] o.a.s.c.CorePropertiesLocator Cores are: [haystack]
2021-07-30 11:41:27.540 INFO  (coreLoadExecutor-13-thread-1) [   x:haystack] o.a.s.c.SolrConfig Using Lucene MatchVersion: 8.9.0
2021-07-30 11:41:27.599 INFO  (main) [   ] o.e.j.s.h.ContextHandler Started o.e.j.w.WebAppContext@41813449{/solr,file:///Users/kristy/solr-8.9.0/server/solr-webapp/webapp/,AVAILABLE}{/Users/kristy/solr-8.9.0/server/solr-webapp/webapp}
2021-07-30 11:41:27.617 INFO  (main) [   ] o.e.j.s.AbstractConnector Started ServerConnector@b1712f3{HTTP/1.1, (http/1.1, h2c)}{0.0.0.0:8983}
2021-07-30 11:41:27.618 INFO  (main) [   ] o.e.j.s.Server Started @6965ms
2021-07-30 11:41:27.675 WARN  (coreLoadExecutor-13-thread-1) [   x:haystack] o.a.s.c.SolrConfig solrconfig.xml: <jmx> is no longer supported, use solr.xml:/metrics/reporter section instead
2021-07-30 11:41:27.811 INFO  (coreLoadExecutor-13-thread-1) [   x:haystack] o.a.s.s.IndexSchema Schema name=haystack-schema
2021-07-30 11:41:28.202 WARN  (coreLoadExecutor-13-thread-1) [   x:haystack] o.a.s.D.s.TrieIntField Solr loaded a deprecated plugin/analysis class [solr.TrieIntField]. Please consult documentation how to replace it accordingly.
2021-07-30 11:41:28.214 WARN  (coreLoadExecutor-13-thread-1) [   x:haystack] o.a.s.D.s.TrieFloatField Solr loaded a deprecated plugin/analysis class [solr.TrieFloatField]. Please consult documentation how to replace it accordingly.
2021-07-30 11:41:28.217 WARN  (coreLoadExecutor-13-thread-1) [   x:haystack] o.a.s.D.s.TrieLongField Solr loaded a deprecated plugin/analysis class [solr.TrieLongField]. Please consult documentation how to replace it accordingly.
2021-07-30 11:41:28.231 WARN  (coreLoadExecutor-13-thread-1) [   x:haystack] o.a.s.D.s.TrieDoubleField Solr loaded a deprecated plugin/analysis class [solr.TrieDoubleField]. Please consult documentation how to replace it accordingly.
2021-07-30 11:41:28.233 WARN  (coreLoadExecutor-13-thread-1) [   x:haystack] o.a.s.D.s.TrieDateField Solr loaded a deprecated plugin/analysis class [solr.TrieDateField]. Please consult documentation how to replace it accordingly.
2021-07-30 11:41:28.271 WARN  (coreLoadExecutor-13-thread-1) [   x:haystack] o.a.s.D.s.LatLonType Solr loaded a deprecated plugin/analysis class [solr.LatLonType]. Please consult documentation how to replace it accordingly.
2021-07-30 11:41:28.397 WARN  (coreLoadExecutor-13-thread-1) [   x:haystack] o.a.s.D.s.CurrencyField Solr loaded a deprecated plugin/analysis class [solr.CurrencyField]. Please consult documentation how to replace it accordingly.
2021-07-30 11:41:29.012 INFO  (coreLoadExecutor-13-thread-1) [   x:haystack] o.a.s.s.IndexSchema Loaded schema haystack-schema/1.6 with uniqueid field id
2021-07-30 11:41:29.125 INFO  (coreLoadExecutor-13-thread-1) [   x:haystack] o.a.s.c.CoreContainer Creating SolrCore 'haystack' using configuration from instancedir /Users/kristy/solr-8.9.0/server/solr/haystack, trusted=true
2021-07-30 11:41:29.213 INFO  (coreLoadExecutor-13-thread-1) [   x:haystack] o.a.s.m.r.SolrJmxReporter JMX monitoring for 'solr.core.haystack' (registry 'solr.core.haystack') enabled at server: com.sun.jmx.mbeanserver.JmxMBeanServer@d86a6f
2021-07-30 11:41:29.417 INFO  (coreLoadExecutor-13-thread-1) [   x:haystack] o.a.s.c.SolrCore [[haystack] ] Opening new SolrCore at [/Users/kristy/solr-8.9.0/server/solr/haystack], dataDir=[/Users/kristy/solr-8.9.0/server/solr/haystack/data/]
2021-07-30 11:41:30.714 INFO  (coreLoadExecutor-13-thread-1) [   x:haystack] o.a.s.u.UpdateHandler Using UpdateLog implementation: org.apache.solr.update.UpdateLog
2021-07-30 11:41:30.714 INFO  (coreLoadExecutor-13-thread-1) [   x:haystack] o.a.s.u.UpdateLog Initializing UpdateLog: dataDir= defaultSyncLevel=FLUSH numRecordsToKeep=100 maxNumLogsToKeep=10 numVersionBuckets=65536
2021-07-30 11:41:30.739 INFO  (coreLoadExecutor-13-thread-1) [   x:haystack] o.a.s.u.CommitTracker Hard AutoCommit: if uncommitted for 15000ms; 
2021-07-30 11:41:30.739 INFO  (coreLoadExecutor-13-thread-1) [   x:haystack] o.a.s.u.CommitTracker Soft AutoCommit: disabled
2021-07-30 11:41:31.022 INFO  (coreLoadExecutor-13-thread-1) [   x:haystack] o.a.s.r.ManagedResourceStorage File-based storage initialized to use dir: /Users/kristy/solr-8.9.0/server/solr/haystack/conf
2021-07-30 11:41:31.065 INFO  (coreLoadExecutor-13-thread-1) [   x:haystack] o.a.s.h.c.SpellCheckComponent Initializing spell checkers
2021-07-30 11:41:31.091 INFO  (coreLoadExecutor-13-thread-1) [   x:haystack] o.a.s.s.DirectSolrSpellChecker init: {name=default,field=_text_,classname=solr.DirectSolrSpellChecker,distanceMeasure=internal,accuracy=0.5,maxQueryFrequency=0.01,maxEdits=2,minPrefix=1,maxInspections=5,minQueryLength=4}
2021-07-30 11:41:31.115 INFO  (coreLoadExecutor-13-thread-1) [   x:haystack] o.a.s.h.ReplicationHandler Commits will be reserved for 10000 ms
2021-07-30 11:41:31.151 INFO  (coreLoadExecutor-13-thread-1) [   x:haystack] o.a.s.u.UpdateLog Could not find max version in index or recent updates, using new clock 1706709788813950976
2021-07-30 11:41:31.156 INFO  (searcherExecutor-15-thread-1-processing-x:haystack) [   x:haystack] o.a.s.c.QuerySenderListener QuerySenderListener done.
2021-07-30 11:41:31.156 INFO  (searcherExecutor-15-thread-1-processing-x:haystack) [   x:haystack] o.a.s.h.c.SpellCheckComponent Loading spell index for spellchecker: default
2021-07-30 11:41:31.167 INFO  (searcherExecutor-15-thread-1-processing-x:haystack) [   x:haystack] o.a.s.c.SolrCore [haystack]  Registered new searcher autowarm time: 0 ms
2021-07-30 11:45:27.254 INFO  (qtp2139788441-26) [   x:haystack] o.a.s.u.p.LogUpdateProcessorFactory [haystack]  webapp=/solr path=/update params={commit=true}{deleteByQuery=*:* (-1706710036186660864),commit=} 0 549
2021-07-30 11:45:27.363 INFO  (qtp2139788441-18) [   x:haystack] o.a.s.u.p.LogUpdateProcessorFactory [haystack]  webapp=/solr path=/update params={commit=true}{optimize=,commit=} 0 18
2021-07-30 11:45:27.839 WARN  (qtp2139788441-25) [   x:haystack] o.a.s.h.l.XMLLoader Ignoring field boost: 1.0 as index-time boosts are not supported anymore
2021-07-30 11:45:31.025 INFO  (searcherExecutor-15-thread-1-processing-x:haystack) [   x:haystack] o.a.s.c.QuerySenderListener QuerySenderListener done.
2021-07-30 11:45:31.036 INFO  (searcherExecutor-15-thread-1-processing-x:haystack) [   x:haystack] o.a.s.c.SolrCore [haystack]  Registered new searcher autowarm time: 41 ms
2021-07-30 11:45:31.039 INFO  (qtp2139788441-25) [   x:haystack] o.a.s.u.p.LogUpdateProcessorFactory [haystack]  webapp=/solr path=/update params={commit=true}{add=[cm.prototype.1 (1706710037022375936), cm.prototype.2 (1706710037285568512), cm.prototype.3 (1706710037286617088), cm.prototype.4 (1706710037288714240), cm.prototype.5 (1706710037290811392), cm.prototype.6 (1706710037291859968), cm.prototype.7 (1706710037292908544), cm.prototype.8 (1706710037295005696), cm.prototype.9 (1706710037297102848), cm.prototype.10 (1706710037299200000), ... (164 adds)],commit=} 0 3201
2021-07-30 11:45:31.542 INFO  (searcherExecutor-15-thread-1-processing-x:haystack) [   x:haystack] o.a.s.c.QuerySenderListener QuerySenderListener done.
2021-07-30 11:45:31.551 INFO  (searcherExecutor-15-thread-1-processing-x:haystack) [   x:haystack] o.a.s.c.SolrCore [haystack]  Registered new searcher autowarm time: 0 ms
2021-07-30 11:45:31.553 INFO  (qtp2139788441-23) [   x:haystack] o.a.s.u.p.LogUpdateProcessorFactory [haystack]  webapp=/solr path=/update params={commit=true}{add=[cm.cluster.1 (1706710040437587968), cm.cluster.2 (1706710040440733696), cm.cluster.3 (1706710040440733697), cm.cluster.5 (1706710040441782272), cm.cluster.6 (1706710040441782273), cm.cluster.7 (1706710040442830848), cm.cluster.9 (1706710040442830849), cm.cluster.10 (1706710040443879424)],commit=} 0 437
2021-07-30 11:51:29.135 INFO  (qtp2139788441-22) [   x:haystack] o.a.s.c.S.Request [haystack]  webapp=/solr path=/select params={q=(uber)&df=text&fl=*+score&start=0&fq=django_ct:(cm.cluster)&rows=10&wt=json} hits=0 status=0 QTime=464
2021-07-30 11:51:53.119 INFO  (qtp2139788441-23) [   x:haystack] o.a.s.c.S.Request [haystack]  webapp=/solr path=/select params={q=(adb)&df=text&fl=*+score&start=0&fq=django_ct:(cm.cluster)&rows=10&wt=json} hits=5 status=0 QTime=39
2021-07-30 11:52:23.604 INFO  (qtp2139788441-20) [   x:haystack] o.a.s.c.S.Request [haystack]  webapp=/solr path=/select params={q=(newadb)&df=text&fl=*+score&start=0&fq=django_ct:(cm.cluster)&rows=10&wt=json} hits=1 status=0 QTime=1
